<?xml version="1.0" encoding="UTF-8"?>
<testsuite name="model.ArtistaModelTest" tests="2" skipped="0" failures="0" errors="0" timestamp="2023-02-23T07:11:26" hostname="BRAYANALGECIRA" time="0.001">
  <properties/>
  <testcase name="testToString" classname="model.ArtistaModelTest" time="0.0"/>
  <testcase name="testEquals" classname="model.ArtistaModelTest" time="0.0"/>
  <system-out><![CDATA[]]></system-out>
  <system-err><![CDATA[]]></system-err>
</testsuite>
