<?xml version="1.0" encoding="UTF-8"?>
<testsuite name="dto.ArtistaDTOTest" tests="2" skipped="0" failures="0" errors="0" timestamp="2023-02-23T07:11:26" hostname="BRAYANALGECIRA" time="0.006">
  <properties/>
  <testcase name="testToString" classname="dto.ArtistaDTOTest" time="0.006"/>
  <testcase name="testEquals" classname="dto.ArtistaDTOTest" time="0.0"/>
  <system-out><![CDATA[]]></system-out>
  <system-err><![CDATA[]]></system-err>
</testsuite>
