<?xml version="1.0" encoding="UTF-8"?>
<testsuite name="services.MuseoServiceTest" tests="1" skipped="0" failures="0" errors="0" timestamp="2023-02-23T07:11:26" hostname="BRAYANALGECIRA" time="1.413">
  <properties/>
  <testcase name="dadoListarMuseoWhenDatosCorrectosThenListas" classname="services.MuseoServiceTest" time="1.413"/>
  <system-out><![CDATA[02:11:27.687 [Test worker] DEBUG reactor.util.Loggers - Using Slf4j logging framework
]]></system-out>
  <system-err><![CDATA[]]></system-err>
</testsuite>
